<?xml version="1.0" encoding="UTF-8"?>
<!-- Generated by org.testng.reporters.JUnitXMLReporter -->
<testsuite hostname="HCM-CA-00014" ignored="0" name="Instagram_demo" tests="2" failures="2" timestamp="01 Jun 2018 10:39:30 GMT" time="0.382" errors="0">
  <testcase name="TC1" time="0.073" classname="Instagram_demo.Instagram_demo.Instagram">
    <failure type="java.lang.NumberFormatException" message="For input string: &amp;quot;192.168.242.102:5555&amp;quot;">
      <![CDATA[java.lang.NumberFormatException: For input string: "192.168.242.102:5555"at java.lang.NumberFormatException.forInputString(Unknown Source)at java.lang.Integer.parseInt(Unknown Source)at java.lang.Integer.parseInt(Unknown Source)at Instagram_demo.Instagram_demo.Instagram.installApp(Instagram.java:79)at Instagram_demo.Instagram_demo.Instagram.run(Instagram.java:39)at Instagram_demo.Instagram_demo.Instagram.TC1(Instagram.java:92)... Removed 25 stack frames]]>
    </failure>
  </testcase> <!-- TC1 -->
  <testcase name="TC2" time="0.039" classname="Instagram_demo.Instagram_demo.Instagram">
    <failure type="java.lang.NumberFormatException" message="For input string: &amp;quot;192.168.242.101:5555&amp;quot;">
      <![CDATA[java.lang.NumberFormatException: For input string: "192.168.242.101:5555"at java.lang.NumberFormatException.forInputString(Unknown Source)at java.lang.Integer.parseInt(Unknown Source)at java.lang.Integer.parseInt(Unknown Source)at Instagram_demo.Instagram_demo.Instagram.installApp(Instagram.java:79)at Instagram_demo.Instagram_demo.Instagram.run(Instagram.java:39)at Instagram_demo.Instagram_demo.Instagram.TC2(Instagram.java:99)... Removed 25 stack frames]]>
    </failure>
  </testcase> <!-- TC2 -->
</testsuite> <!-- Instagram_demo -->
